<?xml version="1.0" encoding="UTF-8"?>
<coverage generated="1689663195393" clover="3.2.0">
  <project timestamp="1689663195394" name="All files">
    <metrics statements="16" coveredstatements="16" conditionals="4" coveredconditionals="2" methods="6" coveredmethods="6" elements="26" coveredelements="24" complexity="0" loc="16" ncloc="16" packages="2" files="2" classes="2"/>
    <package name="common.components.atoms.Link">
      <metrics statements="8" coveredstatements="8" conditionals="2" coveredconditionals="1" methods="3" coveredmethods="3"/>
      <file name="index.tsx" path="/home/user/Projects/test-assignment/subtotal_test_assignment/src/modules/common/components/atoms/Link/index.tsx">
        <metrics statements="8" coveredstatements="8" conditionals="2" coveredconditionals="1" methods="3" coveredmethods="3"/>
        <line num="3" count="1" type="stmt"/>
        <line num="10" count="1" type="stmt"/>
        <line num="11" count="3" type="stmt"/>
        <line num="13" count="3" type="stmt"/>
        <line num="14" count="1" type="stmt"/>
        <line num="17" count="3" type="stmt"/>
        <line num="18" count="1" type="stmt"/>
        <line num="21" count="3" type="stmt"/>
      </file>
    </package>
    <package name="launches.components.atoms.Link">
      <metrics statements="8" coveredstatements="8" conditionals="2" coveredconditionals="1" methods="3" coveredmethods="3"/>
      <file name="index.tsx" path="/home/user/Projects/test-assignment/subtotal_test_assignment/src/modules/launches/components/atoms/Link/index.tsx">
        <metrics statements="8" coveredstatements="8" conditionals="2" coveredconditionals="1" methods="3" coveredmethods="3"/>
        <line num="3" count="1" type="stmt"/>
        <line num="10" count="1" type="stmt"/>
        <line num="11" count="3" type="stmt"/>
        <line num="13" count="3" type="stmt"/>
        <line num="14" count="1" type="stmt"/>
        <line num="17" count="3" type="stmt"/>
        <line num="18" count="1" type="stmt"/>
        <line num="21" count="3" type="stmt"/>
      </file>
    </package>
  </project>
</coverage>
