<?xml version="1.0" encoding="UTF-8"?>
<coverage generated="1689769487744" clover="3.2.0">
  <project timestamp="1689769487744" name="All files">
    <metrics statements="29" coveredstatements="27" conditionals="6" coveredconditionals="5" methods="14" coveredmethods="13" elements="49" coveredelements="45" complexity="0" loc="29" ncloc="29" packages="12" files="16" classes="16"/>
    <package name="modules.common.components.atoms">
      <metrics statements="0" coveredstatements="0" conditionals="0" coveredconditionals="0" methods="0" coveredmethods="0"/>
      <file name="index.tsx" path="/home/user/Projects/test-assignment/subtotal_test_assignment/src/modules/common/components/atoms/index.tsx">
        <metrics statements="0" coveredstatements="0" conditionals="0" coveredconditionals="0" methods="0" coveredmethods="0"/>
      </file>
    </package>
    <package name="modules.common.components.atoms.Icon">
      <metrics statements="1" coveredstatements="1" conditionals="0" coveredconditionals="0" methods="0" coveredmethods="0"/>
      <file name="index.tsx" path="/home/user/Projects/test-assignment/subtotal_test_assignment/src/modules/common/components/atoms/Icon/index.tsx">
        <metrics statements="1" coveredstatements="1" conditionals="0" coveredconditionals="0" methods="0" coveredmethods="0"/>
        <line num="10" count="1" type="stmt"/>
      </file>
    </package>
    <package name="modules.common.components.atoms.Icon.Icons">
      <metrics statements="0" coveredstatements="0" conditionals="0" coveredconditionals="0" methods="0" coveredmethods="0"/>
      <file name="index.tsx" path="/home/user/Projects/test-assignment/subtotal_test_assignment/src/modules/common/components/atoms/Icon/Icons/index.tsx">
        <metrics statements="0" coveredstatements="0" conditionals="0" coveredconditionals="0" methods="0" coveredmethods="0"/>
      </file>
    </package>
    <package name="modules.common.components.atoms.Icon.Icons.Loading">
      <metrics statements="2" coveredstatements="2" conditionals="0" coveredconditionals="0" methods="1" coveredmethods="1"/>
      <file name="index.tsx" path="/home/user/Projects/test-assignment/subtotal_test_assignment/src/modules/common/components/atoms/Icon/Icons/Loading/index.tsx">
        <metrics statements="2" coveredstatements="2" conditionals="0" coveredconditionals="0" methods="1" coveredmethods="1"/>
        <line num="4" count="1" type="stmt"/>
        <line num="5" count="1" type="stmt"/>
      </file>
    </package>
    <package name="modules.common.components.atoms.Icon.Icons.SpaceXLogo">
      <metrics statements="2" coveredstatements="1" conditionals="0" coveredconditionals="0" methods="1" coveredmethods="0"/>
      <file name="index.tsx" path="/home/user/Projects/test-assignment/subtotal_test_assignment/src/modules/common/components/atoms/Icon/Icons/SpaceXLogo/index.tsx">
        <metrics statements="2" coveredstatements="1" conditionals="0" coveredconditionals="0" methods="1" coveredmethods="0"/>
        <line num="4" count="1" type="stmt"/>
        <line num="5" count="0" type="stmt"/>
      </file>
    </package>
    <package name="modules.common.components.atoms.Loader">
      <metrics statements="2" coveredstatements="2" conditionals="0" coveredconditionals="0" methods="1" coveredmethods="1"/>
      <file name="index.tsx" path="/home/user/Projects/test-assignment/subtotal_test_assignment/src/modules/common/components/atoms/Loader/index.tsx">
        <metrics statements="2" coveredstatements="2" conditionals="0" coveredconditionals="0" methods="1" coveredmethods="1"/>
        <line num="5" count="1" type="stmt"/>
        <line num="6" count="1" type="stmt"/>
      </file>
    </package>
    <package name="modules.common.components.molecules.Switch">
      <metrics statements="9" coveredstatements="9" conditionals="2" coveredconditionals="2" methods="5" coveredmethods="5"/>
      <file name="SwitchOption.tsx" path="/home/user/Projects/test-assignment/subtotal_test_assignment/src/modules/common/components/molecules/Switch/SwitchOption.tsx">
        <metrics statements="2" coveredstatements="2" conditionals="0" coveredconditionals="0" methods="1" coveredmethods="1"/>
        <line num="9" count="1" type="stmt"/>
        <line num="14" count="6" type="stmt"/>
      </file>
      <file name="index.tsx" path="/home/user/Projects/test-assignment/subtotal_test_assignment/src/modules/common/components/molecules/Switch/index.tsx">
        <metrics statements="7" coveredstatements="7" conditionals="2" coveredconditionals="2" methods="4" coveredmethods="4"/>
        <line num="18" count="1" type="stmt"/>
        <line num="19" count="3" type="stmt"/>
        <line num="20" count="6" type="stmt"/>
        <line num="23" count="3" type="stmt"/>
        <line num="26" count="6" type="stmt"/>
        <line num="34" count="2" type="stmt"/>
        <line num="35" count="2" type="stmt"/>
      </file>
    </package>
    <package name="modules.common.components.templates.WithLoader">
      <metrics statements="4" coveredstatements="3" conditionals="2" coveredconditionals="1" methods="1" coveredmethods="1"/>
      <file name="index.tsx" path="/home/user/Projects/test-assignment/subtotal_test_assignment/src/modules/common/components/templates/WithLoader/index.tsx">
        <metrics statements="4" coveredstatements="3" conditionals="2" coveredconditionals="1" methods="1" coveredmethods="1"/>
        <line num="10" count="1" type="stmt"/>
        <line num="14" count="1" type="cond" truecount="1" falsecount="1"/>
        <line num="15" count="1" type="stmt"/>
        <line num="23" count="0" type="stmt"/>
      </file>
    </package>
    <package name="modules.common.utils">
      <metrics statements="3" coveredstatements="3" conditionals="2" coveredconditionals="2" methods="2" coveredmethods="2"/>
      <file name="concatClassNames.ts" path="/home/user/Projects/test-assignment/subtotal_test_assignment/src/modules/common/utils/concatClassNames.ts">
        <metrics statements="3" coveredstatements="3" conditionals="2" coveredconditionals="2" methods="2" coveredmethods="2"/>
        <line num="3" count="2" type="stmt"/>
        <line num="4" count="10" type="stmt"/>
        <line num="6" count="22" type="cond" truecount="2" falsecount="0"/>
      </file>
      <file name="index.tsx" path="/home/user/Projects/test-assignment/subtotal_test_assignment/src/modules/common/utils/index.tsx">
        <metrics statements="0" coveredstatements="0" conditionals="0" coveredconditionals="0" methods="0" coveredmethods="0"/>
      </file>
    </package>
    <package name="modules.launches.types">
      <metrics statements="0" coveredstatements="0" conditionals="0" coveredconditionals="0" methods="0" coveredmethods="0"/>
      <file name="DatePrecision.ts" path="/home/user/Projects/test-assignment/subtotal_test_assignment/src/modules/launches/types/DatePrecision.ts">
        <metrics statements="0" coveredstatements="0" conditionals="0" coveredconditionals="0" methods="0" coveredmethods="0"/>
      </file>
      <file name="LaunchesType.ts" path="/home/user/Projects/test-assignment/subtotal_test_assignment/src/modules/launches/types/LaunchesType.ts">
        <metrics statements="0" coveredstatements="0" conditionals="0" coveredconditionals="0" methods="0" coveredmethods="0"/>
      </file>
      <file name="index.tsx" path="/home/user/Projects/test-assignment/subtotal_test_assignment/src/modules/launches/types/index.tsx">
        <metrics statements="0" coveredstatements="0" conditionals="0" coveredconditionals="0" methods="0" coveredmethods="0"/>
      </file>
    </package>
    <package name="modules.launches.utils">
      <metrics statements="2" coveredstatements="2" conditionals="0" coveredconditionals="0" methods="2" coveredmethods="2"/>
      <file name="castILaunchToLaunchType.ts" path="/home/user/Projects/test-assignment/subtotal_test_assignment/src/modules/launches/utils/castILaunchToLaunchType.ts">
        <metrics statements="2" coveredstatements="2" conditionals="0" coveredconditionals="0" methods="2" coveredmethods="2"/>
        <line num="6" count="1" type="stmt"/>
        <line num="7" count="1" type="stmt"/>
      </file>
    </package>
    <package name="redux.modules.launches">
      <metrics statements="4" coveredstatements="4" conditionals="0" coveredconditionals="0" methods="1" coveredmethods="1"/>
      <file name="launchesSlice.ts" path="/home/user/Projects/test-assignment/subtotal_test_assignment/src/redux/modules/launches/launchesSlice.ts">
        <metrics statements="4" coveredstatements="4" conditionals="0" coveredconditionals="0" methods="1" coveredmethods="1"/>
        <line num="16" count="1" type="stmt"/>
        <line num="31" count="1" type="stmt"/>
        <line num="36" count="1" type="stmt"/>
        <line num="42" count="1" type="stmt"/>
      </file>
    </package>
  </project>
</coverage>
