{"/home/user/Projects/test-assignment/subtotal_test_assignment/src/modules/common/components/atoms/index.tsx": {"path":"/home/user/Projects/test-assignment/subtotal_test_assignment/src/modules/common/components/atoms/index.tsx","statementMap":{},"fnMap":{},"branchMap":{},"s":{},"f":{},"b":{},"_coverageSchema":"1a1c01bbd47fc00a2c39e90264f33305004495a9","hash":"97899941e75680580f1c69409436c1b6fe2522d9"}
,"/home/user/Projects/test-assignment/subtotal_test_assignment/src/modules/common/components/atoms/Icon/index.tsx": {"path":"/home/user/Projects/test-assignment/subtotal_test_assignment/src/modules/common/components/atoms/Icon/index.tsx","statementMap":{"0":{"start":{"line":10,"column":41},"end":{"line":13,"column":1}}},"fnMap":{},"branchMap":{},"s":{"0":1},"f":{},"b":{},"_coverageSchema":"1a1c01bbd47fc00a2c39e90264f33305004495a9","hash":"0533cf256f225d972de91643956fac97daa9b170"}
,"/home/user/Projects/test-assignment/subtotal_test_assignment/src/modules/common/components/atoms/Icon/Icons/index.tsx": {"path":"/home/user/Projects/test-assignment/subtotal_test_assignment/src/modules/common/components/atoms/Icon/Icons/index.tsx","statementMap":{},"fnMap":{},"branchMap":{},"s":{},"f":{},"b":{},"_coverageSchema":"1a1c01bbd47fc00a2c39e90264f33305004495a9","hash":"591f077192f11fafe0e382c12df52f8c67eee2a1"}
,"/home/user/Projects/test-assignment/subtotal_test_assignment/src/modules/common/components/atoms/Icon/Icons/Loading/index.tsx": {"path":"/home/user/Projects/test-assignment/subtotal_test_assignment/src/modules/common/components/atoms/Icon/Icons/Loading/index.tsx","statementMap":{"0":{"start":{"line":4,"column":44},"end":{"line":16,"column":1}},"1":{"start":{"line":5,"column":2},"end":{"line":15,"column":4}}},"fnMap":{"0":{"name":"(anonymous_0)","decl":{"start":{"line":4,"column":44},"end":{"line":4,"column":45}},"loc":{"start":{"line":4,"column":55},"end":{"line":16,"column":1}},"line":4}},"branchMap":{},"s":{"0":1,"1":1},"f":{"0":1},"b":{},"_coverageSchema":"1a1c01bbd47fc00a2c39e90264f33305004495a9","hash":"08788e91147d32e12a299793a57dd0be541ac196"}
,"/home/user/Projects/test-assignment/subtotal_test_assignment/src/modules/common/components/atoms/Icon/Icons/SpaceXLogo/index.tsx": {"path":"/home/user/Projects/test-assignment/subtotal_test_assignment/src/modules/common/components/atoms/Icon/Icons/SpaceXLogo/index.tsx","statementMap":{"0":{"start":{"line":4,"column":47},"end":{"line":66,"column":1}},"1":{"start":{"line":5,"column":2},"end":{"line":65,"column":4}}},"fnMap":{"0":{"name":"(anonymous_0)","decl":{"start":{"line":4,"column":47},"end":{"line":4,"column":48}},"loc":{"start":{"line":4,"column":53},"end":{"line":66,"column":1}},"line":4}},"branchMap":{},"s":{"0":1,"1":0},"f":{"0":0},"b":{},"_coverageSchema":"1a1c01bbd47fc00a2c39e90264f33305004495a9","hash":"ca14a3e6bef5f4b25d0b443f10b333a99976113f"}
,"/home/user/Projects/test-assignment/subtotal_test_assignment/src/modules/common/components/atoms/Loader/index.tsx": {"path":"/home/user/Projects/test-assignment/subtotal_test_assignment/src/modules/common/components/atoms/Loader/index.tsx","statementMap":{"0":{"start":{"line":5,"column":32},"end":{"line":7,"column":1}},"1":{"start":{"line":6,"column":2},"end":{"line":6,"column":51}}},"fnMap":{"0":{"name":"(anonymous_0)","decl":{"start":{"line":5,"column":32},"end":{"line":5,"column":33}},"loc":{"start":{"line":5,"column":38},"end":{"line":7,"column":1}},"line":5}},"branchMap":{},"s":{"0":1,"1":1},"f":{"0":1},"b":{},"_coverageSchema":"1a1c01bbd47fc00a2c39e90264f33305004495a9","hash":"45c79d8b631260f9d9d83c7dbdc598fc78703495"}
,"/home/user/Projects/test-assignment/subtotal_test_assignment/src/modules/common/components/molecules/Switch/SwitchOption.tsx": {"path":"/home/user/Projects/test-assignment/subtotal_test_assignment/src/modules/common/components/molecules/Switch/SwitchOption.tsx","statementMap":{"0":{"start":{"line":9,"column":56},"end":{"line":19,"column":1}},"1":{"start":{"line":14,"column":2},"end":{"line":18,"column":4}}},"fnMap":{"0":{"name":"(anonymous_0)","decl":{"start":{"line":9,"column":56},"end":{"line":9,"column":57}},"loc":{"start":{"line":13,"column":6},"end":{"line":19,"column":1}},"line":13}},"branchMap":{},"s":{"0":1,"1":6},"f":{"0":6},"b":{},"_coverageSchema":"1a1c01bbd47fc00a2c39e90264f33305004495a9","hash":"1dd83e5fc8cd54398f12ca3560129f83fdc39676"}
,"/home/user/Projects/test-assignment/subtotal_test_assignment/src/modules/common/components/molecules/Switch/index.tsx": {"path":"/home/user/Projects/test-assignment/subtotal_test_assignment/src/modules/common/components/molecules/Switch/index.tsx","statementMap":{"0":{"start":{"line":18,"column":44},"end":{"line":41,"column":1}},"1":{"start":{"line":19,"column":44},"end":{"line":21,"column":3}},"2":{"start":{"line":20,"column":29},"end":{"line":20,"column":43}},"3":{"start":{"line":23,"column":2},"end":{"line":40,"column":4}},"4":{"start":{"line":26,"column":8},"end":{"line":37,"column":10}},"5":{"start":{"line":34,"column":12},"end":{"line":34,"column":34}},"6":{"start":{"line":35,"column":12},"end":{"line":35,"column":36}}},"fnMap":{"0":{"name":"(anonymous_0)","decl":{"start":{"line":18,"column":44},"end":{"line":18,"column":45}},"loc":{"start":{"line":18,"column":88},"end":{"line":41,"column":1}},"line":18},"1":{"name":"(anonymous_1)","decl":{"start":{"line":20,"column":17},"end":{"line":20,"column":18}},"loc":{"start":{"line":20,"column":29},"end":{"line":20,"column":43}},"line":20},"2":{"name":"(anonymous_2)","decl":{"start":{"line":25,"column":19},"end":{"line":25,"column":20}},"loc":{"start":{"line":26,"column":8},"end":{"line":37,"column":10}},"line":26},"3":{"name":"(anonymous_3)","decl":{"start":{"line":33,"column":19},"end":{"line":33,"column":20}},"loc":{"start":{"line":33,"column":25},"end":{"line":36,"column":11}},"line":33}},"branchMap":{"0":{"loc":{"start":{"line":31,"column":12},"end":{"line":31,"column":53}},"type":"binary-expr","locations":[{"start":{"line":31,"column":12},"end":{"line":31,"column":35}},{"start":{"line":31,"column":39},"end":{"line":31,"column":53}}],"line":31}},"s":{"0":1,"1":3,"2":6,"3":3,"4":6,"5":2,"6":2},"f":{"0":3,"1":6,"2":6,"3":2},"b":{"0":[6,3]},"_coverageSchema":"1a1c01bbd47fc00a2c39e90264f33305004495a9","hash":"477bbb237fd39787856ff482881baca180984cbb"}
,"/home/user/Projects/test-assignment/subtotal_test_assignment/src/modules/common/components/templates/WithLoader/index.tsx": {"path":"/home/user/Projects/test-assignment/subtotal_test_assignment/src/modules/common/components/templates/WithLoader/index.tsx","statementMap":{"0":{"start":{"line":10,"column":59},"end":{"line":24,"column":1}},"1":{"start":{"line":14,"column":2},"end":{"line":21,"column":3}},"2":{"start":{"line":15,"column":4},"end":{"line":20,"column":6}},"3":{"start":{"line":23,"column":2},"end":{"line":23,"column":18}}},"fnMap":{"0":{"name":"(anonymous_0)","decl":{"start":{"line":10,"column":59},"end":{"line":10,"column":60}},"loc":{"start":{"line":13,"column":6},"end":{"line":24,"column":1}},"line":13}},"branchMap":{"0":{"loc":{"start":{"line":14,"column":2},"end":{"line":21,"column":3}},"type":"if","locations":[{"start":{"line":14,"column":2},"end":{"line":21,"column":3}},{"start":{},"end":{}}],"line":14}},"s":{"0":1,"1":1,"2":1,"3":0},"f":{"0":1},"b":{"0":[1,0]},"_coverageSchema":"1a1c01bbd47fc00a2c39e90264f33305004495a9","hash":"e5172f5277cb26e37d21f5baf80cfb7656114f88"}
,"/home/user/Projects/test-assignment/subtotal_test_assignment/src/modules/common/utils/concatClassNames.ts": {"path":"/home/user/Projects/test-assignment/subtotal_test_assignment/src/modules/common/utils/concatClassNames.ts","statementMap":{"0":{"start":{"line":3,"column":32},"end":{"line":8,"column":13}},"1":{"start":{"line":4,"column":2},"end":{"line":8,"column":13}},"2":{"start":{"line":6,"column":6},"end":{"line":6,"column":58}}},"fnMap":{"0":{"name":"(anonymous_0)","decl":{"start":{"line":3,"column":32},"end":{"line":3,"column":33}},"loc":{"start":{"line":4,"column":2},"end":{"line":8,"column":13}},"line":4},"1":{"name":"(anonymous_1)","decl":{"start":{"line":5,"column":4},"end":{"line":5,"column":5}},"loc":{"start":{"line":6,"column":6},"end":{"line":6,"column":58}},"line":6}},"branchMap":{"0":{"loc":{"start":{"line":6,"column":17},"end":{"line":6,"column":49}},"type":"cond-expr","locations":[{"start":{"line":6,"column":32},"end":{"line":6,"column":44}},{"start":{"line":6,"column":47},"end":{"line":6,"column":49}}],"line":6}},"s":{"0":2,"1":10,"2":22},"f":{"0":10,"1":22},"b":{"0":[2,20]},"_coverageSchema":"1a1c01bbd47fc00a2c39e90264f33305004495a9","hash":"29380bf8692682dfbb806f9b16e62532fb745642"}
,"/home/user/Projects/test-assignment/subtotal_test_assignment/src/modules/common/utils/index.tsx": {"path":"/home/user/Projects/test-assignment/subtotal_test_assignment/src/modules/common/utils/index.tsx","statementMap":{},"fnMap":{},"branchMap":{},"s":{},"f":{},"b":{},"_coverageSchema":"1a1c01bbd47fc00a2c39e90264f33305004495a9","hash":"126aaefefce9a99abc388b78b13b9ca7cb3562c6"}
,"/home/user/Projects/test-assignment/subtotal_test_assignment/src/modules/launches/types/DatePrecision.ts": {"path":"/home/user/Projects/test-assignment/subtotal_test_assignment/src/modules/launches/types/DatePrecision.ts","statementMap":{},"fnMap":{},"branchMap":{},"s":{},"f":{},"b":{},"_coverageSchema":"1a1c01bbd47fc00a2c39e90264f33305004495a9","hash":"d5918ff1a58a84c2fe0ddb643134c96c6d20bc24"}
,"/home/user/Projects/test-assignment/subtotal_test_assignment/src/modules/launches/types/LaunchesType.ts": {"path":"/home/user/Projects/test-assignment/subtotal_test_assignment/src/modules/launches/types/LaunchesType.ts","statementMap":{},"fnMap":{},"branchMap":{},"s":{},"f":{},"b":{},"_coverageSchema":"1a1c01bbd47fc00a2c39e90264f33305004495a9","hash":"64abbfd17d290d55f8741cfb77a604d9bcfce9c2"}
,"/home/user/Projects/test-assignment/subtotal_test_assignment/src/modules/launches/types/index.tsx": {"path":"/home/user/Projects/test-assignment/subtotal_test_assignment/src/modules/launches/types/index.tsx","statementMap":{},"fnMap":{},"branchMap":{},"s":{},"f":{},"b":{},"_coverageSchema":"1a1c01bbd47fc00a2c39e90264f33305004495a9","hash":"48dbe9f801067924662a9d17139555b8cc59f6e0"}
,"/home/user/Projects/test-assignment/subtotal_test_assignment/src/modules/launches/utils/castILaunchToLaunchType.ts": {"path":"/home/user/Projects/test-assignment/subtotal_test_assignment/src/modules/launches/utils/castILaunchToLaunchType.ts","statementMap":{"0":{"start":{"line":6,"column":64},"end":{"line":13,"column":1}},"1":{"start":{"line":7,"column":2},"end":{"line":12,"column":6}},"2":{"start":{"line":7,"column":35},"end":{"line":12,"column":3}}},"fnMap":{"0":{"name":"(anonymous_0)","decl":{"start":{"line":6,"column":64},"end":{"line":6,"column":65}},"loc":{"start":{"line":6,"column":78},"end":{"line":13,"column":1}},"line":6},"1":{"name":"(anonymous_1)","decl":{"start":{"line":7,"column":22},"end":{"line":7,"column":23}},"loc":{"start":{"line":7,"column":35},"end":{"line":12,"column":3}},"line":7}},"branchMap":{},"s":{"0":1,"1":1,"2":1},"f":{"0":1,"1":1},"b":{},"_coverageSchema":"1a1c01bbd47fc00a2c39e90264f33305004495a9","hash":"84d309bfa8b5bef8ea4a15178d0d9395c6a30449"}
,"/home/user/Projects/test-assignment/subtotal_test_assignment/src/redux/modules/launches/launchesSlice.ts": {"path":"/home/user/Projects/test-assignment/subtotal_test_assignment/src/redux/modules/launches/launchesSlice.ts","statementMap":{"0":{"start":{"line":16,"column":43},"end":{"line":29,"column":1}},"1":{"start":{"line":31,"column":29},"end":{"line":39,"column":2}},"2":{"start":{"line":36,"column":6},"end":{"line":36,"column":58}},"3":{"start":{"line":42,"column":42},"end":{"line":42,"column":63}}},"fnMap":{"0":{"name":"(anonymous_0)","decl":{"start":{"line":35,"column":28},"end":{"line":35,"column":29}},"loc":{"start":{"line":35,"column":78},"end":{"line":37,"column":5}},"line":35}},"branchMap":{},"s":{"0":1,"1":1,"2":1,"3":1},"f":{"0":1},"b":{},"_coverageSchema":"1a1c01bbd47fc00a2c39e90264f33305004495a9","hash":"a7c088fb6ded348ca0f65a3c6c062031c5db4b33"}
}
