TN:
SF:src/modules/common/components/atoms/Link/index.tsx
FN:10,(anonymous_0)
FN:13,(anonymous_1)
FN:17,(anonymous_2)
FNF:3
FNH:3
FNDA:3,(anonymous_0)
FNDA:1,(anonymous_1)
FNDA:1,(anonymous_2)
DA:3,1
DA:10,1
DA:11,3
DA:13,3
DA:14,1
DA:17,3
DA:18,1
DA:21,3
LF:8
LH:8
BRDA:24,0,0,3
BRDA:24,0,1,0
BRF:2
BRH:1
end_of_record
TN:
SF:src/modules/launches/components/atoms/Link/index.tsx
FN:10,(anonymous_0)
FN:13,(anonymous_1)
FN:17,(anonymous_2)
FNF:3
FNH:3
FNDA:3,(anonymous_0)
FNDA:1,(anonymous_1)
FNDA:1,(anonymous_2)
DA:3,1
DA:10,1
DA:11,3
DA:13,3
DA:14,1
DA:17,3
DA:18,1
DA:21,3
LF:8
LH:8
BRDA:24,0,0,3
BRDA:24,0,1,0
BRF:2
BRH:1
end_of_record
